  ConsoleApplication2.cpp
c:\users\ben\documents\visual studio 2015\projects\consoleapplication2\consoleapplication2\consoleapplication2.cpp(35): warning C4244: 'argument': conversion from 'time_t' to 'unsigned int', possible loss of data
c:\users\ben\documents\visual studio 2015\projects\consoleapplication2\consoleapplication2\consoleapplication2.cpp(204): warning C4996: 'strcpy': This function or variable may be unsafe. Consider using strcpy_s instead. To disable deprecation, use _CRT_SECURE_NO_WARNINGS. See online help for details.
  c:\program files (x86)\windows kits\10\include\10.0.10240.0\ucrt\string.h(119): note: see declaration of 'strcpy'
c:\users\ben\documents\visual studio 2015\projects\consoleapplication2\consoleapplication2\consoleapplication2.cpp(222): warning C4996: 'strcpy': This function or variable may be unsafe. Consider using strcpy_s instead. To disable deprecation, use _CRT_SECURE_NO_WARNINGS. See online help for details.
  c:\program files (x86)\windows kits\10\include\10.0.10240.0\ucrt\string.h(119): note: see declaration of 'strcpy'
c:\users\ben\documents\visual studio 2015\projects\consoleapplication2\consoleapplication2\consoleapplication2.cpp(228): warning C4996: 'strcpy': This function or variable may be unsafe. Consider using strcpy_s instead. To disable deprecation, use _CRT_SECURE_NO_WARNINGS. See online help for details.
  c:\program files (x86)\windows kits\10\include\10.0.10240.0\ucrt\string.h(119): note: see declaration of 'strcpy'
c:\users\ben\documents\visual studio 2015\projects\consoleapplication2\consoleapplication2\consoleapplication2.cpp(234): warning C4996: 'strcpy': This function or variable may be unsafe. Consider using strcpy_s instead. To disable deprecation, use _CRT_SECURE_NO_WARNINGS. See online help for details.
  c:\program files (x86)\windows kits\10\include\10.0.10240.0\ucrt\string.h(119): note: see declaration of 'strcpy'
c:\users\ben\documents\visual studio 2015\projects\consoleapplication2\consoleapplication2\consoleapplication2.cpp(252): warning C4996: 'strcpy': This function or variable may be unsafe. Consider using strcpy_s instead. To disable deprecation, use _CRT_SECURE_NO_WARNINGS. See online help for details.
  c:\program files (x86)\windows kits\10\include\10.0.10240.0\ucrt\string.h(119): note: see declaration of 'strcpy'
c:\users\ben\documents\visual studio 2015\projects\consoleapplication2\consoleapplication2\consoleapplication2.cpp(270): warning C4996: 'strcpy': This function or variable may be unsafe. Consider using strcpy_s instead. To disable deprecation, use _CRT_SECURE_NO_WARNINGS. See online help for details.
  c:\program files (x86)\windows kits\10\include\10.0.10240.0\ucrt\string.h(119): note: see declaration of 'strcpy'
c:\users\ben\documents\visual studio 2015\projects\consoleapplication2\consoleapplication2\consoleapplication2.cpp(276): warning C4996: 'strcpy': This function or variable may be unsafe. Consider using strcpy_s instead. To disable deprecation, use _CRT_SECURE_NO_WARNINGS. See online help for details.
  c:\program files (x86)\windows kits\10\include\10.0.10240.0\ucrt\string.h(119): note: see declaration of 'strcpy'
c:\users\ben\documents\visual studio 2015\projects\consoleapplication2\consoleapplication2\consoleapplication2.cpp(282): warning C4996: 'strcpy': This function or variable may be unsafe. Consider using strcpy_s instead. To disable deprecation, use _CRT_SECURE_NO_WARNINGS. See online help for details.
  c:\program files (x86)\windows kits\10\include\10.0.10240.0\ucrt\string.h(119): note: see declaration of 'strcpy'
c:\users\ben\documents\visual studio 2015\projects\consoleapplication2\consoleapplication2\consoleapplication2.cpp(457): warning C4244: '=': conversion from 'double' to 'int', possible loss of data
  ConsoleApplication2.vcxproj -> C:\Users\Ben\Documents\Visual Studio 2015\Projects\ConsoleApplication2\Debug\ConsoleApplication2.exe
  ConsoleApplication2.vcxproj -> C:\Users\Ben\Documents\Visual Studio 2015\Projects\ConsoleApplication2\Debug\ConsoleApplication2.pdb (Full PDB)
